<?xml version="1.0" encoding="UTF-8"?>
<!-- Generated by org.testng.reporters.JUnitReportReporter -->
<testsuite hostname="DESKTOP-KPQ952O" failures="0" tests="1" name="com.demoqa.tests.PracticeFormTest" time="8.340" errors="0" timestamp="2024-04-19T20:28:40 CEST" skipped="0">
  <testcase classname="com.demoqa.tests.PracticeFormTest" name="createStudentAccountTest" time="8.340"/>
</testsuite> <!-- com.demoqa.tests.PracticeFormTest -->
